Removed Pin From Net: NetName=AGND Pin=D5-1
Removed Pin From Net: NetName=NetD5_2 Pin=D5-2
Removed Pin From Net: NetName=NetD13_2 Pin=D13-2
Removed Pin From Net: NetName=AN1 Pin=J3-1
Removed Pin From Net: NetName=AN2 Pin=J3-2
Removed Pin From Net: NetName=AN3 Pin=J3-3
Removed Pin From Net: NetName=AN4 Pin=J3-4
Removed Pin From Net: NetName=AN5 Pin=J3-5
Removed Pin From Net: NetName=AN6 Pin=J3-6
Removed Pin From Net: NetName=AN7 Pin=J3-7
Removed Pin From Net: NetName=AN8 Pin=J3-8
Removed Pin From Net: NetName=AN9 Pin=J3-9
Removed Pin From Net: NetName=AN10 Pin=J3-10
Removed Pin From Net: NetName=TIN1 Pin=J3-11
Removed Pin From Net: NetName=TIN2 Pin=J3-12
Removed Pin From Net: NetName=GND2 Pin=J3-13
Removed Pin From Net: NetName=NetD7_2 Pin=R25-1
Removed Pin From Net: NetName=AGND Pin=R25-2
Removed Pin From Net: NetName=NetD13_2 Pin=R31-1
Added Pin To Net: NetName=NetD5_2 Pin=D5-2
Added Pin To Net: NetName=AGND Pin=D13-1
Added Pin To Net: NetName=NetD13_2 Pin=D13-2
Added Pin To Net: NetName=GND2 Pin=J3-1
Added Pin To Net: NetName=TIN1 Pin=J3-2
Added Pin To Net: NetName=TIN2 Pin=J3-3
Added Pin To Net: NetName=AN1 Pin=J3-4
Added Pin To Net: NetName=AN2 Pin=J3-5
Added Pin To Net: NetName=AN3 Pin=J3-6
Added Pin To Net: NetName=AN4 Pin=J3-7
Added Pin To Net: NetName=AN5 Pin=J3-8
Added Pin To Net: NetName=AN6 Pin=J3-9
Added Pin To Net: NetName=AN7 Pin=J3-10
Added Pin To Net: NetName=AN8 Pin=J3-11
Added Pin To Net: NetName=AN9 Pin=J3-12
Added Pin To Net: NetName=AN10 Pin=J3-13
Added Pin To Net: NetName=NetD7_2 Pin=R25-1
Added Pin To Net: NetName=NetD13_2 Pin=R31-1
Added Pin To Net: NetName=AGND Pin=R31-2
