Removed Pin From Net: NetName=AGND Pin=D5-1
Removed Pin From Net: NetName=NetD5_2 Pin=D5-2
Removed Pin From Net: NetName=NetD13_2 Pin=D13-2
Removed Pin From Net: NetName=NetD7_2 Pin=R25-1
Removed Pin From Net: NetName=AGND Pin=R25-2
Removed Pin From Net: NetName=NetD13_2 Pin=R31-1
Change Component Designator: OldDesignator=D13 NewDesignator=D5
Change Component Designator: OldDesignator=R23 NewDesignator=R25
Added Component: Designator=D4(DIODE-0.3)
Added Component: Designator=D13(DIODE-0.3)
Added Component: Designator=R22(axial0.3)
Added Component: Designator=R31(axial0.3)
Added Pin To Net: NetName=AGND Pin=D4-1
Added Pin To Net: NetName=NetD4_2 Pin=D4-2
Added Pin To Net: NetName=NetD5_2 Pin=D5-2
Added Pin To Net: NetName=AGND Pin=D13-1
Added Pin To Net: NetName=NetD13_2 Pin=D13-2
Added Pin To Net: NetName=NetD4_2 Pin=R22-1
Added Pin To Net: NetName=AGND Pin=R22-2
Added Pin To Net: NetName=NetD7_2 Pin=R25-1
Added Pin To Net: NetName=NetD13_2 Pin=R31-1
Added Pin To Net: NetName=AGND Pin=R31-2
Added Member To Class: ClassName=STM32_ADC Member=Component D4 1N5339B
Added Member To Class: ClassName=STM32_ADC Member=Component R22 200R1ppm
