Change Component Footprint: Designator=R34 Old Footprint=0805 New Footprint=1206
Change Component Footprint: Designator=R36 Old Footprint=0805 New Footprint=1206
Change Component Footprint: Designator=D1 Old Footprint=0805 New Footprint=ROND-0.2
Change Component Footprint: Designator=J4 Old Footprint=CON4 New Footprint=CON4_2
Change Component Footprint: Designator=J2 Old Footprint=con5 New Footprint=CON5_5.08
Change Component Comment: Designator=D2 Old Comment=1N5819/SS34 New Comment=1N5819
Change Component Comment: Designator=R38 Old Comment=10R New Comment=10
Change Component Comment: Designator=C30 Old Comment=22uF/25V New Comment=22uF
Change Component Comment: Designator=C32 Old Comment=22uF/25V New Comment=22uF
Change Component Comment: Designator=C34 Old Comment=22uF/25V New Comment=22uF
Change Component Comment: Designator=C36 Old Comment=22uF/25V New Comment=22uF
Change Component Comment: Designator=C38 Old Comment=22uF/25V New Comment=22uF
Change Component Comment: Designator=C40 Old Comment=22uF/25V New Comment=22uF
Change Component Comment: Designator=C42 Old Comment=22uF/25V New Comment=22uF
Change Component Comment: Designator=C44 Old Comment=22uF/25V New Comment=22uF
Change Component Comment: Designator=C46 Old Comment=22uF/25V New Comment=22uF
Change Component Comment: Designator=J3 Old Comment=模拟量输入 New Comment=输入
Change Component Designator: OldDesignator=D5 NewDesignator=D12
Change Component Designator: OldDesignator=R25 NewDesignator=R30
Change Component Designator: OldDesignator=U7 NewDesignator=U8
